[04:23:15] [ServerMain/INFO]: [bootstrap] Running Java 25 (OpenJDK 64-Bit Server VM 25+36-LTS; Eclipse Adoptium Temurin-25+36) on Linux 6.8.0-1052-azure (amd64)
[04:23:15] [ServerMain/INFO]: [bootstrap] Loading Pufferfish 1.21.10-39-HEAD@b98b265 (1970-01-01T00:00:00Z) for Minecraft 1.21.10
[04:23:15] [ServerMain/INFO]: [PluginInitializerManager] Initializing plugins...
[04:23:20] [ServerMain/INFO]: [PluginInitializerManager] Initialized 11 plugins
[04:23:20] [ServerMain/INFO]: [PluginInitializerManager] Paper plugins (1):
 - RoseStacker (1.5.41)
[04:23:20] [ServerMain/INFO]: [PluginInitializerManager] Bukkit plugins (10):
 - AuthMe (6.0.0-b2734), AxSmithing (1.9), Chunky (1.4.40), Essentials (2.21.0), LuckPerms (5.5.17), TuffXPlus (1.0.0), ViaBackwards (5.9.1), ViaRewind (4.1.1), ViaRewind-Legacy-Support (1.5.4), ViaVersion (5.9.1)
[04:23:27] [ServerMain/INFO]: Environment: Environment[sessionHost=https://sessionserver.mojang.com, servicesHost=https://api.minecraftservices.com, profilesHost=https://api.mojang.com, name=PROD]
[04:23:31] [ServerMain/INFO]: Loaded 1461 recipes
[04:23:31] [ServerMain/INFO]: Loaded 1574 advancements
[04:23:31] [ServerMain/INFO]: [ca.spottedleaf.dataconverter.minecraft.datatypes.MCTypeRegistry] Initialising converters for DataConverter...
[04:23:32] [ServerMain/INFO]: [ca.spottedleaf.dataconverter.minecraft.datatypes.MCTypeRegistry] Finished initialising converters for DataConverter in 907.7ms
[04:23:32] [Server thread/INFO]: Starting minecraft server version 1.21.10
[04:23:32] [Server thread/INFO]: Loading properties
[04:23:32] [Server thread/INFO]: This server is running Pufferfish version 1.21.10-39-HEAD@b98b265 (1970-01-01T00:00:00Z) (Implementing API version 1.21.10-R0.1-SNAPSHOT)
[04:23:33] [Server thread/INFO]: [spark] This server bundles the spark profiler. For more information please visit https://docs.papermc.io/paper/profiling
[04:23:33] [Server thread/INFO]: Using 4 threads for Netty based IO
[04:23:33] [Server thread/INFO]: Server Ping Player Sample Count: 12
[04:23:34] [Server thread/INFO]: [MoonriseCommon] Paper is using 1 worker threads, 1 I/O threads
[04:23:34] [Server thread/WARN]: [Pufferfish] SIMD operations are available for your server, but are not configured!
[04:23:34] [Server thread/WARN]: [Pufferfish] To enable additional optimizations, add "--add-modules=jdk.incubator.vector" to your startup flags, BEFORE the "-jar".
[04:23:34] [Server thread/WARN]: [Pufferfish] If you have already added this flag, then SIMD operations are not supported on your JVM or CPU.
[04:23:34] [Server thread/WARN]: [Pufferfish] Debug: Java: 25, test run: true
[04:23:34] [Server thread/INFO]: Default game type: SURVIVAL
[04:23:34] [Server thread/INFO]: Generating keypair
[04:23:34] [Server thread/INFO]: Starting Minecraft server on *:25565
[04:23:34] [Server thread/INFO]: Using epoll channel type
[04:23:35] [Server thread/INFO]: Paper: Using libdeflate (Linux x86_64) compression from Velocity.
[04:23:35] [Server thread/INFO]: Paper: Using OpenSSL 3.x.x (Linux x86_64) cipher from Velocity.
[04:23:36] [Server thread/ERROR]: [ModernPluginLoadingStrategy] Could not load plugin 'AuthMe-6.0.0-Paper.jar' in folder 'plugins/.paper-remapped'
org.bukkit.plugin.InvalidPluginException: Unsupported API version 1.21.11
	at org.bukkit.craftbukkit.util.CraftMagicNumbers.checkSupported(CraftMagicNumbers.java:366) ~[pufferfish-1.21.10.jar:1.21.10-39-b98b265]
	at io.papermc.paper.plugin.provider.type.spigot.SpigotPluginProvider.createInstance(SpigotPluginProvider.java:121) ~[pufferfish-1.21.10.jar:1.21.10-39-b98b265]
	at io.papermc.paper.plugin.provider.type.spigot.SpigotPluginProvider.createInstance(SpigotPluginProvider.java:35) ~[pufferfish-1.21.10.jar:1.21.10-39-b98b265]
	at io.papermc.paper.plugin.entrypoint.strategy.modern.ModernPluginLoadingStrategy.loadProviders(ModernPluginLoadingStrategy.java:116) ~[pufferfish-1.21.10.jar:1.21.10-39-b98b265]
	at io.papermc.paper.plugin.storage.SimpleProviderStorage.enter(SimpleProviderStorage.java:38) ~[pufferfish-1.21.10.jar:1.21.10-39-b98b265]
	at io.papermc.paper.plugin.entrypoint.LaunchEntryPointHandler.enter(LaunchEntryPointHandler.java:39) ~[pufferfish-1.21.10.jar:1.21.10-39-b98b265]
	at org.bukkit.craftbukkit.CraftServer.loadPlugins(CraftServer.java:555) ~[pufferfish-1.21.10.jar:1.21.10-39-b98b265]
	at net.minecraft.server.dedicated.DedicatedServer.initServer(DedicatedServer.java:325) ~[pufferfish-1.21.10.jar:1.21.10-39-b98b265]
	at net.minecraft.server.MinecraftServer.runServer(MinecraftServer.java:1259) ~[pufferfish-1.21.10.jar:1.21.10-39-b98b265]
	at net.minecraft.server.MinecraftServer.lambda$spin$2(MinecraftServer.java:386) ~[pufferfish-1.21.10.jar:1.21.10-39-b98b265]
	at java.base/java.lang.Thread.run(Thread.java:1474) ~[?:?]
[04:23:36] [Server thread/INFO]: [ViaVersion] Loading server plugin ViaVersion v5.9.1
[04:23:36] [Server thread/INFO]: [ViaVersion] ViaVersion 5.9.1 is now loaded. Registering protocol transformers and injecting...
[04:23:37] [Via-Mappingloader-1/INFO]: [ViaVersion] Loading block connection mappings ...
[04:23:38] [Server thread/INFO]: [ViaBackwards] Loading translations...
[04:23:38] [Server thread/INFO]: [ViaBackwards] Registering protocols...
[04:23:39] [Server thread/INFO]: [ViaRewind] Registering protocols...
[04:23:39] [Server thread/INFO]: [LuckPerms] Loading server plugin LuckPerms v5.5.17
[04:23:40] [Server thread/INFO]: [LuckPerms] Loading configuration...
[04:23:40] [Server thread/INFO]: [ViaBackwards] Loading server plugin ViaBackwards v5.9.1
[04:23:40] [Server thread/INFO]: [Essentials] Loading server plugin Essentials v2.21.0
[04:23:40] [Server thread/INFO]: [ViaRewind] Loading server plugin ViaRewind v4.1.1
[04:23:40] [Server thread/INFO]: [Chunky] Loading server plugin Chunky v1.4.40
[04:23:40] [Server thread/INFO]: [AxSmithing] Loading server plugin AxSmithing v1.9
[04:23:40] [Server thread/INFO]: [RoseStacker] Loading server plugin RoseStacker v1.5.41
[04:23:40] [Server thread/INFO]: [RoseStacker] Initializing using RoseGarden v1.5.6
[04:23:40] [Server thread/INFO]: [TuffXPlus] Loading server plugin TuffXPlus v1.0.0
[04:23:42] [Server thread/INFO]: [ViaRewind-Legacy-Support] Loading server plugin ViaRewind-Legacy-Support v1.5.4
[04:23:42] [Server thread/INFO]: Server permissions file permissions.yml is empty, ignoring it
[04:23:42] [Server thread/INFO]: [LuckPerms] Enabling LuckPerms v5.5.17
[04:23:42] [Server thread/INFO]:         __    
[04:23:42] [Server thread/INFO]:   |    |__)   LuckPerms v5.5.17
[04:23:42] [Server thread/INFO]:   |___ |      Running on Bukkit - Pufferfish
[04:23:42] [Server thread/INFO]: 
[04:23:42] [Server thread/INFO]: [LuckPerms] Loading storage provider... [H2]
[04:23:43] [Server thread/INFO]: [LuckPerms] Loading internal permission managers...
[04:23:44] [Server thread/INFO]: [LuckPerms] Performing initial data load...
[04:23:44] [Server thread/INFO]: [LuckPerms] Successfully enabled. (took 2085ms)
[04:23:44] [Server thread/INFO]: [ViaRewind] Enabling ViaRewind v4.1.1
[04:23:44] [Server thread/WARN]: **** SERVER IS RUNNING IN OFFLINE/INSECURE MODE!
[04:23:44] [Server thread/WARN]: The server will make no attempt to authenticate usernames. Beware.
[04:23:44] [Server thread/WARN]: Whilst this makes it possible to use BungeeCord, unless access to your server is properly restricted, it also opens up the ability for hackers to connect with any username they choose.
[04:23:44] [Server thread/WARN]: Please see http://www.spigotmc.org/wiki/firewall-guide/ for further information.
[04:23:44] [Server thread/WARN]: To change this, set "online-mode" to "true" in the server.properties file.
[04:23:44] [Server thread/INFO]: Preparing level "world"
[04:23:45] [Server thread/INFO]: Loading 0 persistent chunks for world 'minecraft:overworld'...
[04:23:45] [Server thread/INFO]: Preparing spawn area: 100%
[04:23:45] [Server thread/INFO]: Prepared spawn area in 4 ms
[04:23:45] [Server thread/INFO]: Loading 0 persistent chunks for world 'minecraft:the_nether'...
[04:23:45] [Server thread/INFO]: Prepared spawn area in 3 ms
[04:23:45] [Server thread/INFO]: Loading 0 persistent chunks for world 'minecraft:the_end'...
[04:23:45] [Server thread/INFO]: Prepared spawn area in 3 ms
[04:23:45] [Server thread/INFO]: Done preparing level "world" (1.159s)
[04:23:45] [Server thread/INFO]: [ViaVersion] Enabling ViaVersion v5.9.1
[04:23:45] [Server thread/INFO]: [ViaVersion] ViaVersion detected server version: 1.21.9-1.21.10 (773)
[04:23:45] [Server thread/INFO]: [ViaBackwards] Enabling ViaBackwards v5.9.1
[04:23:45] [Server thread/INFO]: [Essentials] Enabling Essentials v2.21.0
[04:23:47] [Server thread/ERROR]: [Essentials] You are running an unsupported server version!
[04:23:48] [Server thread/INFO]: [Essentials] Attempting to convert old kits in config.yml to new kits.yml
[04:23:48] [Server thread/INFO]: [Essentials] No kits found to migrate.
[04:23:48] [Server thread/INFO]: [Essentials] Starting Essentials ban format conversion
[04:23:48] [Server thread/INFO]: [Essentials] Found 1 files to convert...
[04:23:48] [Server thread/INFO]: [Essentials] Converted 0/1
[04:23:48] [Server thread/INFO]: [Essentials] Ban format update complete.
[04:23:48] [Server thread/INFO]: [Essentials] Attempting to migrate ignore list to UUIDs
[04:23:48] [Server thread/INFO]: [Essentials] Done converting ignore list.
[04:23:48] [Server thread/INFO]: [Essentials] Attempting to migrate legacy userdata keys to Configurate
[04:23:48] [Server thread/INFO]: [Essentials] Done converting legacy userdata keys to Configurate.
[04:23:48] [Server thread/INFO]: [Essentials] Done converting mail list.
[04:23:48] [Server thread/INFO]: [Essentials] #===========================================================================#
[04:23:48] [Server thread/INFO]: [Essentials]  EssentialsX will now purge any NPC accounts which were incorrectly created.
[04:23:48] [Server thread/INFO]: [Essentials]  Only NPC accounts with the default starting balance will be deleted. If
[04:23:48] [Server thread/INFO]: [Essentials]  they turn out to be valid NPC accounts, they will be re-created as needed.
[04:23:48] [Server thread/INFO]: [Essentials]  Any files deleted here will be backed up to the 
[04:23:48] [Server thread/INFO]: [Essentials]  "plugins/Essentials/userdata-npc-backup" folder. If you notice any files
[04:23:48] [Server thread/INFO]: [Essentials]  have been purged incorrectly, you should restore it from the backup and
[04:23:48] [Server thread/INFO]: [Essentials]  report it to us on GitHub:
[04:23:48] [Server thread/INFO]: [Essentials]  https://github.com/EssentialsX/Essentials/issues/new/choose
[04:23:48] [Server thread/INFO]: [Essentials] 
[04:23:48] [Server thread/INFO]: [Essentials]  NOTE: This is a one-time process and will take several minutes if you have
[04:23:48] [Server thread/INFO]: [Essentials]  a lot of userdata files! If you interrupt this process, EssentialsX will
[04:23:48] [Server thread/INFO]: [Essentials]  skip the process until you rename or remove the backup folder.
[04:23:48] [Server thread/INFO]: [Essentials] #===========================================================================#
[04:23:48] [Server thread/INFO]: [Essentials] Found ~1 files under "plugins/Essentials/userdata"...
[04:23:48] [Server thread/INFO]: [Essentials] #===========================================================================#
[04:23:48] [Server thread/INFO]: [Essentials]  EssentialsX has finished purging NPC accounts.
[04:23:48] [Server thread/INFO]: [Essentials] 
[04:23:48] [Server thread/INFO]: [Essentials]  Deleted accounts: 0
[04:23:48] [Server thread/INFO]: [Essentials]  Total accounts processed: 1
[04:23:48] [Server thread/INFO]: [Essentials] 
[04:23:48] [Server thread/INFO]: [Essentials]  Purged accounts have been backed up to
[04:23:48] [Server thread/INFO]: [Essentials]  "plugins/Essentials/userdata-npc-backup", and can be restored from there
[04:23:48] [Server thread/INFO]: [Essentials]  if needed. Please report any files which have been incorrectly deleted
[04:23:48] [Server thread/INFO]: [Essentials]  to us on GitHub:
[04:23:48] [Server thread/INFO]: [Essentials]  https://github.com/EssentialsX/Essentials/issues/new/choose
[04:23:48] [Server thread/INFO]: [Essentials] #===========================================================================#
[04:23:48] [Server thread/INFO]: [Essentials] Selected Paper Tick Count Provider as the provider for TickCountProvider
[04:23:48] [Server thread/INFO]: [Essentials] Selected Paper Material Tag Provider as the provider for MaterialTagProvider
[04:23:48] [Server thread/INFO]: [Essentials] Selected 1.21.4+ Sync Commands Provider as the provider for SyncCommandsProvider
[04:23:48] [Server thread/INFO]: [Essentials] Selected 1.13+ Spawn Egg Provider as the provider for SpawnEggProvider
[04:23:48] [Server thread/INFO]: [Essentials] Selected 1.8.3+ Spawner Item Provider as the provider for SpawnerItemProvider
[04:23:48] [Server thread/INFO]: [Essentials] Selected Reflection Online Mode Provider as the provider for OnlineModeProvider
[04:23:48] [Server thread/INFO]: [Essentials] Selected Paper Biome Key Provider as the provider for BiomeKeyProvider
[04:23:48] [Server thread/INFO]: [Essentials] Selected 1.20.4+ Damage Event Provider as the provider for DamageEventProvider
[04:23:48] [Server thread/INFO]: [Essentials] Selected Paper Serialization Provider as the provider for SerializationProvider
[04:23:48] [Server thread/INFO]: [Essentials] Selected Paper Container Provider as the provider for ContainerProvider
[04:23:48] [Server thread/INFO]: [Essentials] Selected 1.14+ Sign Data Provider as the provider for SignDataProvider
[04:23:48] [Server thread/INFO]: [Essentials] Selected 1.21+ InventoryView Interface ABI Provider as the provider for InventoryViewProvider
[04:23:48] [Server thread/INFO]: [Essentials] Selected 1.12+ Spawner Block Provider as the provider for SpawnerBlockProvider
[04:23:48] [Server thread/INFO]: [Essentials] Selected 1.12.2+ Player Locale Provider as the provider for PlayerLocaleProvider
[04:23:48] [Server thread/INFO]: [Essentials] Selected 1.17.1+ World Info Provider as the provider for WorldInfoProvider
[04:23:48] [Server thread/INFO]: [Essentials] Selected Reflection Formatted Command Alias Provider as the provider for FormattedCommandAliasProvider
[04:23:48] [Server thread/INFO]: [Essentials] Selected 1.20.6+ Potion Meta Provider as the provider for PotionMetaProvider
[04:23:48] [Server thread/INFO]: [Essentials] Selected 1.11+ Item Unbreakable Provider as the provider for ItemUnbreakableProvider
[04:23:48] [Server thread/INFO]: [Essentials] Selected 1.20.5+ Banner Data Provider as the provider for BannerDataProvider
[04:23:48] [Server thread/INFO]: [Essentials] Selected 1.14.4+ Persistent Data Container Provider as the provider for PersistentDataProvider
[04:23:48] [Server thread/INFO]: [Essentials] Selected Paper Known Commands Provider as the provider for KnownCommandsProvider
[04:23:48] [Server thread/INFO]: [Essentials] Selected Paper Server State Provider as the provider for ServerStateProvider
[04:23:49] [Server thread/INFO]: [Essentials] Loaded 43465 items from items.json.
[04:23:49] [Server thread/INFO]: [Essentials] Using locale en
[04:23:50] [Server thread/INFO]: [Essentials] ServerListPingEvent: Spigot iterator API
[04:23:50] [Server thread/INFO]: [Essentials] Starting Metrics. Opt-out using the global bStats config.
[04:23:50] [Server thread/WARN]: [Essentials] Detected supported permissions plugin LuckPerms without Vault installed.
[04:23:50] [Server thread/WARN]: [Essentials] Features such as chat prefixes/suffixes and group-related functionality will not work until you install Vault.
[04:23:50] [Server thread/INFO]: [Essentials] Using superperms-based permissions.
[04:23:50] [Server thread/INFO]: [Chunky] Enabling Chunky v1.4.40
[04:23:51] [Server thread/INFO]: [AxSmithing] Enabling AxSmithing v1.9
[04:23:52] [Server thread/INFO]: [RoseStacker] Enabling RoseStacker v1.5.41
[04:23:53] [Server thread/INFO]: [RoseStacker] Ignored loading stack settings for unknown entities: [CAMEL_HUSK, NAUTILUS, PARCHED, ZOMBIE_NAUTILUS]
[04:23:54] [Server thread/INFO]: [TuffXPlus] Enabling TuffXPlus v1.0.0
[04:23:54] [Server thread/INFO]: [TuffXPlus] [Y0] Server Minecraft Version: 1.21.10
[04:23:54] [Server thread/INFO]: [TuffXPlus] [TuffActions] TuffActions has been enabled
[04:23:54] [Server thread/INFO]: [TuffXPlus] [TuffActions] Enabling features...
[04:23:54] [Server thread/INFO]: [TuffXPlus] [TuffActions] Swimming enabled.
[04:23:54] [Server thread/INFO]: [TuffXPlus] [TuffActions] Creative items enabled.
[04:23:55] [Server thread/INFO]: [TuffXPlus] [TuffActions] Successfully loaded 1326 creative tab mappings.
[04:23:55] [Server thread/INFO]: [TuffXPlus] [TuffActions] Finished enabling features.
[04:23:55] [Server thread/INFO]: [TuffXPlus] [ViaBlocks] Generating ViaBlocks Pre-Defined Palette...
[04:23:55] [Server thread/INFO]: [TuffXPlus] [ViaBlocks] Palette initialized with 649 entries.
[04:23:55] [Server thread/INFO]: [TuffXPlus] [ViaBlocks] Paper detected. Enabling optimized asynchronous scheduling.
[04:23:55] [Server thread/INFO]: [TuffXPlus] [ViaBlocks] ViaBlocks has been enabled successfully and is listening for client handshakes.
[04:23:55] [Server thread/INFO]: [TuffXPlus] [ViaEntities] ViaEntities enabled with 43 modern entities
[04:23:55] [Server thread/INFO]: [TuffXPlus] 
[04:23:55] [Server thread/INFO]: [TuffXPlus] ████████╗██╗   ██╗███████╗ ███████╗ ██╗  ██╗
[04:23:55] [Server thread/INFO]: [TuffXPlus] ╚══██╔══╝██║   ██║██╔════╝ ██╔════╝ ╚██╗██╔╝
[04:23:55] [Server thread/INFO]: [TuffXPlus]    ██║   ██║   ██║██████╗  ██████╗   ╚███╔╝ 
[04:23:55] [Server thread/INFO]: [TuffXPlus]    ██║   ██║   ██║██╔═══╝  ██╔═══╝   ██╔██╗ 
[04:23:55] [Server thread/INFO]: [TuffXPlus]    ██║   ╚██████╔╝██║      ██║      ██╔╝╚██╗
[04:23:55] [Server thread/INFO]: [TuffXPlus]    ╚═╝    ╚═════╝ ╚═╝      ╚═╝      ╚═╝  ╚═╝
[04:23:55] [Server thread/INFO]: [TuffXPlus] 
[04:23:55] [Server thread/INFO]: [TuffXPlus] CREDITS
[04:23:55] [Server thread/INFO]: [TuffXPlus] 
[04:23:55] [Server thread/INFO]: [TuffXPlus] Y0 support:
[04:23:55] [Server thread/INFO]: [TuffXPlus] • Below y0 (client + plugin) programmed by Potato (@justatypicalpotato)
[04:23:55] [Server thread/INFO]: [TuffXPlus] • llucasandersen - plugin optimizations
[04:23:55] [Server thread/INFO]: [TuffXPlus] 
[04:23:55] [Server thread/INFO]: [TuffXPlus] ViaBlocks:
[04:23:55] [Server thread/INFO]: [TuffXPlus] • ViaBlocks partial plugin and client rewrite by Potato
[04:23:55] [Server thread/INFO]: [TuffXPlus] • llucasandersen (Complex client models and texture fixes,
[04:23:55] [Server thread/INFO]: [TuffXPlus]       optimizations, PacketEvents migration and async safety fixes)
[04:23:55] [Server thread/INFO]: [TuffXPlus] • coleis1op, if ts is driving me crazy, im taking credit
[04:23:55] [Server thread/INFO]: [TuffXPlus] 
[04:23:55] [Server thread/INFO]: [TuffXPlus] Other:
[04:23:55] [Server thread/INFO]: [TuffXPlus] • Swimming and creative items programmed by Potato (@justatypicalpotato)
[04:23:55] [Server thread/INFO]: [TuffXPlus] • shaded build, 1.14+ support (before merge) - llucasandersen
[04:23:55] [Server thread/INFO]: [TuffXPlus] • Restrictions - UplandJacob
[04:23:55] [Server thread/INFO]: [TuffXPlus] • Overall plugin merges by Potato
[04:23:55] [Server thread/INFO]: [ViaRewind-Legacy-Support] Enabling ViaRewind-Legacy-Support v1.5.4
[04:23:55] [Server thread/INFO]: [spark] Starting background profiler...
[04:23:58] [Server thread/INFO]: Running delayed init tasks
[04:23:58] [Craft Scheduler Thread - 1 - Essentials/INFO]: [Essentials] Fetching version information...
[04:23:58] [Craft Scheduler Thread - 2 - ViaVersion/INFO]: [ViaVersion] Finished mapping loading, shutting down loader executor.
[04:23:58] [Server thread/INFO]: [TuffXPlus] [Y0] Loading mappings from 1.21.10-mappings.json
[04:23:59] [Craft Scheduler Thread - 0 - RoseStacker/INFO]: [RoseStacker] Fetched 138 translation locales.
[04:23:59] [Craft Scheduler Thread - 1 - Essentials/WARN]: [Essentials] There is a new EssentialsX version available for download: 2.22.0.
[04:23:59] [Craft Scheduler Thread - 1 - Essentials/WARN]: [Essentials] Download it here: https://essentialsx.net/downloads.html?branch=stable
[04:23:59] [Server thread/INFO]: [TuffXPlus] [Y0] Loaded 29671 legacy mappings.
[04:23:59] [Server thread/INFO]: Done (47.247s)! For help, type "help"
